<?xml version="1.0" encoding="UTF-8"?>
<testsuite xmlns:xsi="http://www.w3.org/2001/XMLSchema-instance" xsi:noNamespaceSchemaLocation="https://maven.apache.org/surefire/maven-surefire-plugin/xsd/surefire-test-report-3.0.xsd" version="3.0" name="com.udacity.security.service.SecurityServiceTest" time="2.396" tests="21" errors="0" skipped="0" failures="0">
  <properties>
[...]
</properties>
  <testcase name="changeAlarmStatus_ArmingStatusDisarmed_SetStatusToNoAlarm" classname="com.udacity.security.service.SecurityServiceTest" time="1.924"/>
  <testcase name="checkAlarmStatus_SensorDeactivatedWhileInactive_NoAlarmStatusChanged" classname="com.udacity.security.service.SecurityServiceTest" time="0.009"/>
  <testcase name="changeAlarmStatus_AlarmPendingAndSensorInactive_SetStatusToNoAlarm" classname="com.udacity.security.service.SecurityServiceTest" time="0.025"/>
  <testcase name="changeAlarmStatus_SensorActivatedWhileActiveAndAlarmStatusPending_SetStatusToAlarm" classname="com.udacity.security.service.SecurityServiceTest" time="0.008"/>
  <testcase name="changeAlarmStatus_ArmingArmedAndSensorActivated_SetStatusToPending(ArmingStatus)[1]" classname="com.udacity.security.service.SecurityServiceTest" time="0.064"/>
  <testcase name="changeAlarmStatus_ArmingArmedAndSensorActivated_SetStatusToPending(ArmingStatus)[2]" classname="com.udacity.security.service.SecurityServiceTest" time="0.015"/>
  <testcase name="changeAlarmStatus_ArmingArmedAndSensorActivatedAndAlarmPending_SetStatusToAlarm(ArmingStatus)[1]" classname="com.udacity.security.service.SecurityServiceTest" time="0.008"/>
  <testcase name="changeAlarmStatus_ArmingArmedAndSensorActivatedAndAlarmPending_SetStatusToAlarm(ArmingStatus)[2]" classname="com.udacity.security.service.SecurityServiceTest" time="0.01"/>
  <testcase name="checkAlarmStatus_AlarmActiveChangeSensorState_NoAlarmStatusChanged(boolean)[1]" classname="com.udacity.security.service.SecurityServiceTest" time="0.005"/>
  <testcase name="checkAlarmStatus_AlarmActiveChangeSensorState_NoAlarmStatusChanged(boolean)[2]" classname="com.udacity.security.service.SecurityServiceTest" time="0.017"/>
  <testcase name="changeAlarmStatus_ImageContainingCatAndArmingStatusArmedHome_SetStatusToAlarm" classname="com.udacity.security.service.SecurityServiceTest" time="0.022"/>
  <testcase name="changeAlarmStatus_ImageNotContainingCatAndSensorNotActive_SetStatusToNoAlarm(int)[1]" classname="com.udacity.security.service.SecurityServiceTest" time="0.058"/>
  <testcase name="changeAlarmStatus_ImageNotContainingCatAndSensorNotActive_SetStatusToNoAlarm(int)[2]" classname="com.udacity.security.service.SecurityServiceTest" time="0.008"/>
  <testcase name="changeAlarmStatus_ImageNotContainingCatAndSensorNotActive_SetStatusToNoAlarm(int)[3]" classname="com.udacity.security.service.SecurityServiceTest" time="0.008"/>
  <testcase name="resetSensorsState_ArmingStatusArmed_SetAllSensorsToInactive(int, ArmingStatus)[1]" classname="com.udacity.security.service.SecurityServiceTest" time="0.009"/>
  <testcase name="resetSensorsState_ArmingStatusArmed_SetAllSensorsToInactive(int, ArmingStatus)[2]" classname="com.udacity.security.service.SecurityServiceTest" time="0.006"/>
  <testcase name="resetSensorsState_ArmingStatusArmed_SetAllSensorsToInactive(int, ArmingStatus)[3]" classname="com.udacity.security.service.SecurityServiceTest" time="0.011"/>
  <testcase name="resetSensorsState_ArmingStatusArmed_SetAllSensorsToInactive(int, ArmingStatus)[4]" classname="com.udacity.security.service.SecurityServiceTest" time="0.007"/>
  <testcase name="resetSensorsState_ArmingStatusArmed_SetAllSensorsToInactive(int, ArmingStatus)[5]" classname="com.udacity.security.service.SecurityServiceTest" time="0.007"/>
  <testcase name="resetSensorsState_ArmingStatusArmed_SetAllSensorsToInactive(int, ArmingStatus)[6]" classname="com.udacity.security.service.SecurityServiceTest" time="0.014"/>
  <testcase name="changeAlarmStatus_ArmingStatusArmedHomeAndCatDetected_SetStatusToAlarm" classname="com.udacity.security.service.SecurityServiceTest" time="0.005"/>
</testsuite>